<?xml version="1.0" encoding="UTF-8"?>
<testsuite name="com.nexustvguide.app.util.NlzietLauncherTest" tests="12" skipped="0" failures="0" errors="0" timestamp="2026-08-30T14:24:49" hostname="zorinar7" time="4.459">
  <properties/>
  <testcase name="testFutureProgrammeWithReplayTargetDoesNotOpenTheFailingPlayer" classname="com.nexustvguide.app.util.NlzietLauncherTest" time="2.542"/>
  <testcase name="testLaunchProgrammeWithReplayTargetTriggersReplayDeeplink" classname="com.nexustvguide.app.util.NlzietLauncherTest" time="0.058"/>
  <testcase name="testLaunchProgrammeCurrentlyAiringWithoutExactTargetDoesNotUseUnsupportedLiveDeeplink" classname="com.nexustvguide.app.util.NlzietLauncherTest" time="0.028"/>
  <testcase name="testCreateLiveDeeplinkIntent" classname="com.nexustvguide.app.util.NlzietLauncherTest" time="0.026"/>
  <testcase name="testValidation" classname="com.nexustvguide.app.util.NlzietLauncherTest" time="0.022"/>
  <testcase name="testLaunchProgrammeLegacyNlzietIdIgnoredAndFallsBackToMainApp" classname="com.nexustvguide.app.util.NlzietLauncherTest" time="0.03"/>
  <testcase name="testLiveLabelDoesNotMakeHistoricalProgrammeCurrentlyAiring" classname="com.nexustvguide.app.util.NlzietLauncherTest" time="0.024"/>
  <testcase name="testConstants" classname="com.nexustvguide.app.util.NlzietLauncherTest" time="0.022"/>
  <testcase name="testCreateReplayDeeplinkIntent" classname="com.nexustvguide.app.util.NlzietLauncherTest" time="0.024"/>
  <testcase name="testHasStartedBoundaries" classname="com.nexustvguide.app.util.NlzietLauncherTest" time="0.019"/>
  <testcase name="testRelaySendsTheIdenticalWatchNextIntentTwice" classname="com.nexustvguide.app.util.NlzietLauncherTest" time="1.63"/>
  <testcase name="testCreateVodDeeplinkIntent" classname="com.nexustvguide.app.util.NlzietLauncherTest" time="0.03"/>
  <system-out><![CDATA[WARNING: No manifest file found at ./AndroidManifest.xml.
Falling back to the Android OS resources only.
To remove this warning, annotate your test class with @Config(manifest=Config.NONE).
If you're using Android Gradle Plugin, add testOptions.unitTests.includeAndroidResources = true to your build.gradle
]]></system-out>
  <system-err><![CDATA[No package ID 7f found for ID 0x7f100051.
No package ID 7f found for ID 0x7f100051.
No package ID 7f found for ID 0x7f100051.
No package ID 7f found for ID 0x7f100051.
]]></system-err>
</testsuite>
